{"/Users/stephan.garcia/salesforce-projects/ebikes-lwc/force-app/main/default/lwc/orderBuilder/orderBuilder.js": {"path":"/Users/stephan.garcia/salesforce-projects/ebikes-lwc/force-app/main/default/lwc/orderBuilder/orderBuilder.js","statementMap":{"0":{"start":{"line":2,"column":0},"end":{"line":2,"column":null}},"1":{"start":{"line":3,"column":0},"end":{"line":3,"column":null}},"2":{"start":{"line":6,"column":0},"end":{"line":6,"column":null}},"3":{"start":{"line":29,"column":0},"end":{"line":29,"column":6}},"4":{"start":{"line":35,"column":4},"end":{"line":35,"column":null}},"5":{"start":{"line":46,"column":4},"end":{"line":46,"column":11}},"6":{"start":{"line":53,"column":20},"end":{"line":53,"column":30}},"7":{"start":{"line":55,"column":29},"end":{"line":55,"column":null}},"8":{"start":{"line":56,"column":26},"end":{"line":56,"column":null}},"9":{"start":{"line":57,"column":12},"end":{"line":57,"column":15}},"10":{"start":{"line":58,"column":12},"end":{"line":58,"column":15}},"11":{"start":{"line":59,"column":12},"end":{"line":59,"column":null}},"12":{"start":{"line":63,"column":4},"end":{"line":63,"column":null}},"13":{"start":{"line":69,"column":59},"end":{"line":69,"column":null}},"14":{"start":{"line":90,"column":8},"end":{"line":90,"column":null}},"15":{"start":{"line":91,"column":8},"end":{"line":95,"column":null}},"16":{"start":{"line":92,"column":12},"end":{"line":92,"column":25}},"17":{"start":{"line":93,"column":15},"end":{"line":95,"column":null}},"18":{"start":{"line":94,"column":12},"end":{"line":94,"column":31}},"19":{"start":{"line":100,"column":8},"end":{"line":100,"column":26}},"20":{"start":{"line":101,"column":24},"end":{"line":101,"column":46}},"21":{"start":{"line":102,"column":8},"end":{"line":102,"column":29}},"22":{"start":{"line":103,"column":8},"end":{"line":103,"column":26}},"23":{"start":{"line":108,"column":8},"end":{"line":108,"column":13}},"24":{"start":{"line":109,"column":8},"end":{"line":109,"column":15}},"25":{"start":{"line":110,"column":8},"end":{"line":110,"column":15}},"26":{"start":{"line":112,"column":24},"end":{"line":112,"column":28}},"27":{"start":{"line":115,"column":8},"end":{"line":115,"column":14}},"28":{"start":{"line":116,"column":8},"end":{"line":116,"column":14}},"29":{"start":{"line":117,"column":8},"end":{"line":117,"column":14}},"30":{"start":{"line":118,"column":8},"end":{"line":118,"column":14}},"31":{"start":{"line":123,"column":28},"end":{"line":123,"column":null}},"32":{"start":{"line":127,"column":8},"end":{"line":127,"column":null}},"33":{"start":{"line":130,"column":16},"end":{"line":130,"column":23}},"34":{"start":{"line":133,"column":16},"end":{"line":133,"column":null}},"35":{"start":{"line":145,"column":8},"end":{"line":145,"column":13}},"36":{"start":{"line":150,"column":33},"end":{"line":149,"column":null}},"37":{"start":{"line":153,"column":35},"end":{"line":153,"column":14}},"38":{"start":{"line":154,"column":27},"end":{"line":154,"column":47}},"39":{"start":{"line":155,"column":12},"end":{"line":158,"column":null}},"40":{"start":{"line":157,"column":16},"end":{"line":157,"column":23}},"41":{"start":{"line":159,"column":12},"end":{"line":159,"column":null}},"42":{"start":{"line":161,"column":8},"end":{"line":161,"column":null}},"43":{"start":{"line":164,"column":28},"end":{"line":164,"column":30}},"44":{"start":{"line":165,"column":8},"end":{"line":165,"column":null}},"45":{"start":{"line":167,"column":16},"end":{"line":167,"column":23}},"46":{"start":{"line":172,"column":16},"end":{"line":172,"column":23}},"47":{"start":{"line":174,"column":16},"end":{"line":174,"column":null}},"48":{"start":{"line":175,"column":16},"end":{"line":175,"column":null}},"49":{"start":{"line":187,"column":19},"end":{"line":186,"column":null}},"50":{"start":{"line":190,"column":35},"end":{"line":190,"column":14}},"51":{"start":{"line":191,"column":27},"end":{"line":191,"column":null}},"52":{"start":{"line":192,"column":27},"end":{"line":191,"column":14}},"53":{"start":{"line":194,"column":8},"end":{"line":194,"column":null}},"54":{"start":{"line":197,"column":8},"end":{"line":197,"column":null}},"55":{"start":{"line":204,"column":16},"end":{"line":204,"column":null}},"56":{"start":{"line":205,"column":16},"end":{"line":205,"column":null}},"57":{"start":{"line":69,"column":0},"end":{"line":69,"column":15}}},"fnMap":{"0":{"name":"getQuantity","decl":{"start":{"line":34,"column":0},"end":{"line":34,"column":32}},"loc":{"start":{"line":34,"column":32},"end":{"line":40,"column":null}}},"1":{"name":"getPrice","decl":{"start":{"line":45,"column":0},"end":{"line":45,"column":39}},"loc":{"start":{"line":45,"column":39},"end":{"line":47,"column":null}}},"2":{"name":"calculateOrderSummary","decl":{"start":{"line":52,"column":0},"end":{"line":52,"column":43}},"loc":{"start":{"line":52,"column":43},"end":{"line":64,"column":null}}},"3":{"name":"(anonymous_6)","decl":{"start":{"line":54,"column":8},"end":{"line":54,"column":28}},"loc":{"start":{"line":54,"column":28},"end":{"line":53,"column":30}}},"4":{"name":"(anonymous_7)","decl":{"start":{"line":69,"column":59},"end":{"line":69,"column":null}},"loc":{"start":{"line":69,"column":59},"end":{"line":69,"column":null}}},"5":{"name":"(anonymous_8)","decl":{"start":{"line":89,"column":4},"end":{"line":89,"column":30}},"loc":{"start":{"line":89,"column":30},"end":{"line":96,"column":null}}},"6":{"name":"(anonymous_9)","decl":{"start":{"line":99,"column":4},"end":{"line":99,"column":17}},"loc":{"start":{"line":99,"column":30},"end":{"line":104,"column":null}}},"7":{"name":"(anonymous_10)","decl":{"start":{"line":107,"column":4},"end":{"line":107,"column":14}},"loc":{"start":{"line":107,"column":22},"end":{"line":141,"column":null}}},"8":{"name":"(anonymous_11)","decl":{"start":{"line":128,"column":18},"end":{"line":128,"column":24}},"loc":{"start":{"line":128,"column":24},"end":{"line":127,"column":null}}},"9":{"name":"(anonymous_12)","decl":{"start":{"line":132,"column":20},"end":{"line":132,"column":26}},"loc":{"start":{"line":132,"column":26},"end":{"line":127,"column":null}}},"10":{"name":"(anonymous_13)","decl":{"start":{"line":144,"column":4},"end":{"line":144,"column":18}},"loc":{"start":{"line":144,"column":26},"end":{"line":146,"column":null}}},"11":{"name":"(anonymous_14)","decl":{"start":{"line":149,"column":4},"end":{"line":149,"column":25}},"loc":{"start":{"line":149,"column":31},"end":{"line":183,"column":null}}},"12":{"name":"(anonymous_15)","decl":{"start":{"line":154,"column":48},"end":{"line":154,"column":62}},"loc":{"start":{"line":154,"column":62},"end":{"line":154,"column":14}}},"13":{"name":"(anonymous_16)","decl":{"start":{"line":166,"column":18},"end":{"line":166,"column":24}},"loc":{"start":{"line":166,"column":24},"end":{"line":165,"column":null}}},"14":{"name":"(anonymous_17)","decl":{"start":{"line":171,"column":20},"end":{"line":171,"column":26}},"loc":{"start":{"line":171,"column":26},"end":{"line":165,"column":null}}},"15":{"name":"(anonymous_18)","decl":{"start":{"line":186,"column":4},"end":{"line":186,"column":25}},"loc":{"start":{"line":186,"column":31},"end":{"line":213,"column":null}}},"16":{"name":"(anonymous_19)","decl":{"start":{"line":192,"column":13},"end":{"line":192,"column":27}},"loc":{"start":{"line":192,"column":27},"end":{"line":191,"column":14}}},"17":{"name":"(anonymous_20)","decl":{"start":{"line":198,"column":18},"end":{"line":198,"column":24}},"loc":{"start":{"line":198,"column":24},"end":{"line":197,"column":null}}},"18":{"name":"(anonymous_21)","decl":{"start":{"line":202,"column":20},"end":{"line":202,"column":26}},"loc":{"start":{"line":202,"column":26},"end":{"line":197,"column":null}}}},"branchMap":{"0":{"loc":{"start":{"line":91,"column":8},"end":{"line":95,"column":null}},"type":"if","locations":[{"start":{"line":91,"column":8},"end":{"line":95,"column":null}},{"start":{"line":91,"column":8},"end":{"line":95,"column":null}}]},"1":{"loc":{"start":{"line":93,"column":15},"end":{"line":95,"column":null}},"type":"if","locations":[{"start":{"line":93,"column":15},"end":{"line":95,"column":null}},{"start":{"line":93,"column":15},"end":{"line":95,"column":null}}]},"2":{"loc":{"start":{"line":155,"column":12},"end":{"line":158,"column":null}},"type":"if","locations":[{"start":{"line":155,"column":12},"end":{"line":158,"column":null}},{"start":{"line":155,"column":12},"end":{"line":158,"column":null}}]}},"s":{"0":1,"1":1,"2":1,"3":1,"4":20,"5":20,"6":8,"7":20,"8":20,"9":20,"10":20,"11":20,"12":8,"13":42,"14":12,"15":12,"16":1,"17":11,"18":5,"19":8,"20":8,"21":8,"22":8,"23":0,"24":0,"25":0,"26":0,"27":0,"28":0,"29":0,"30":0,"31":0,"32":0,"33":0,"34":0,"35":0,"36":2,"37":2,"38":2,"39":6,"40":1,"41":5,"42":2,"43":2,"44":2,"45":2,"46":0,"47":0,"48":0,"49":1,"50":1,"51":1,"52":3,"53":1,"54":1,"55":0,"56":0,"57":1},"f":{"0":20,"1":20,"2":8,"3":20,"4":6,"5":12,"6":8,"7":0,"8":0,"9":0,"10":0,"11":2,"12":6,"13":2,"14":0,"15":1,"16":3,"17":1,"18":0},"b":{"0":[1,11],"1":[5,6],"2":[1,5]}}
,"/Users/stephan.garcia/salesforce-projects/ebikes-lwc/force-app/main/default/lwc/orderItemTile/orderItemTile.js": {"path":"/Users/stephan.garcia/salesforce-projects/ebikes-lwc/force-app/main/default/lwc/orderItemTile/orderItemTile.js","statementMap":{"0":{"start":{"line":10,"column":60},"end":{"line":10,"column":null}},"1":{"start":{"line":22,"column":8},"end":{"line":22,"column":null}},"2":{"start":{"line":23,"column":22},"end":{"line":23,"column":14}},"3":{"start":{"line":24,"column":20},"end":{"line":24,"column":29}},"4":{"start":{"line":25,"column":8},"end":{"line":27,"column":null}},"5":{"start":{"line":26,"column":12},"end":{"line":26,"column":17}},"6":{"start":{"line":28,"column":8},"end":{"line":28,"column":null}},"7":{"start":{"line":34,"column":8},"end":{"line":34,"column":15}},"8":{"start":{"line":39,"column":22},"end":{"line":39,"column":57}},"9":{"start":{"line":42,"column":8},"end":{"line":42,"column":15}},"10":{"start":{"line":43,"column":8},"end":{"line":43,"column":null}},"11":{"start":{"line":44,"column":8},"end":{"line":44,"column":null}},"12":{"start":{"line":49,"column":22},"end":{"line":49,"column":57}},"13":{"start":{"line":52,"column":8},"end":{"line":52,"column":null}},"14":{"start":{"line":10,"column":0},"end":{"line":10,"column":15}}},"fnMap":{"0":{"name":"(anonymous_1)","decl":{"start":{"line":10,"column":60},"end":{"line":10,"column":null}},"loc":{"start":{"line":10,"column":60},"end":{"line":10,"column":null}}},"1":{"name":"(anonymous_2)","decl":{"start":{"line":21,"column":4},"end":{"line":21,"column":20}},"loc":{"start":{"line":21,"column":26},"end":{"line":29,"column":null}}},"2":{"name":"(anonymous_3)","decl":{"start":{"line":33,"column":4},"end":{"line":33,"column":17}},"loc":{"start":{"line":33,"column":20},"end":{"line":45,"column":null}}},"3":{"name":"(anonymous_4)","decl":{"start":{"line":48,"column":4},"end":{"line":48,"column":19}},"loc":{"start":{"line":48,"column":22},"end":{"line":53,"column":null}}}},"branchMap":{"0":{"loc":{"start":{"line":25,"column":8},"end":{"line":27,"column":null}},"type":"if","locations":[{"start":{"line":25,"column":8},"end":{"line":27,"column":null}},{"start":{"line":25,"column":8},"end":{"line":27,"column":null}}]}},"s":{"0":48,"1":0,"2":0,"3":0,"4":0,"5":0,"6":0,"7":0,"8":0,"9":0,"10":0,"11":0,"12":0,"13":0,"14":1},"f":{"0":12,"1":0,"2":0,"3":0},"b":{"0":[0,0]}}
}
