TN:
SF:/Users/stephan.garcia/salesforce-projects/ebikes-lwc/force-app/main/default/lwc/orderBuilder/orderBuilder.js
FN:34,getQuantity
FN:45,getPrice
FN:52,calculateOrderSummary
FN:54,(anonymous_6)
FN:69,(anonymous_7)
FN:89,(anonymous_8)
FN:99,(anonymous_9)
FN:107,(anonymous_10)
FN:128,(anonymous_11)
FN:132,(anonymous_12)
FN:144,(anonymous_13)
FN:149,(anonymous_14)
FN:154,(anonymous_15)
FN:166,(anonymous_16)
FN:171,(anonymous_17)
FN:186,(anonymous_18)
FN:192,(anonymous_19)
FN:198,(anonymous_20)
FN:202,(anonymous_21)
FNF:19
FNH:13
FNDA:20,getQuantity
FNDA:20,getPrice
FNDA:8,calculateOrderSummary
FNDA:20,(anonymous_6)
FNDA:6,(anonymous_7)
FNDA:12,(anonymous_8)
FNDA:8,(anonymous_9)
FNDA:0,(anonymous_10)
FNDA:0,(anonymous_11)
FNDA:0,(anonymous_12)
FNDA:0,(anonymous_13)
FNDA:2,(anonymous_14)
FNDA:6,(anonymous_15)
FNDA:2,(anonymous_16)
FNDA:0,(anonymous_17)
FNDA:1,(anonymous_18)
FNDA:3,(anonymous_19)
FNDA:1,(anonymous_20)
FNDA:0,(anonymous_21)
DA:2,1
DA:3,1
DA:6,1
DA:29,1
DA:35,20
DA:46,20
DA:53,8
DA:55,20
DA:56,20
DA:57,20
DA:58,20
DA:59,20
DA:63,8
DA:69,42
DA:90,12
DA:91,12
DA:92,1
DA:93,11
DA:94,5
DA:100,8
DA:101,8
DA:102,8
DA:103,8
DA:108,0
DA:109,0
DA:110,0
DA:112,0
DA:115,0
DA:116,0
DA:117,0
DA:118,0
DA:123,0
DA:127,0
DA:130,0
DA:133,0
DA:145,0
DA:150,2
DA:153,2
DA:154,2
DA:155,6
DA:157,1
DA:159,5
DA:161,2
DA:164,2
DA:165,2
DA:167,2
DA:172,0
DA:174,0
DA:175,0
DA:187,1
DA:190,1
DA:191,1
DA:192,3
DA:194,1
DA:197,1
DA:204,0
DA:205,0
LF:57
LH:39
BRDA:91,0,0,1
BRDA:91,0,1,11
BRDA:93,1,0,5
BRDA:93,1,1,6
BRDA:155,2,0,1
BRDA:155,2,1,5
BRF:6
BRH:6
end_of_record
TN:
SF:/Users/stephan.garcia/salesforce-projects/ebikes-lwc/force-app/main/default/lwc/orderItemTile/orderItemTile.js
FN:10,(anonymous_1)
FN:21,(anonymous_2)
FN:33,(anonymous_3)
FN:48,(anonymous_4)
FNF:4
FNH:1
FNDA:12,(anonymous_1)
FNDA:0,(anonymous_2)
FNDA:0,(anonymous_3)
FNDA:0,(anonymous_4)
DA:10,48
DA:22,0
DA:23,0
DA:24,0
DA:25,0
DA:26,0
DA:28,0
DA:34,0
DA:39,0
DA:42,0
DA:43,0
DA:44,0
DA:49,0
DA:52,0
LF:14
LH:1
BRDA:25,0,0,0
BRDA:25,0,1,0
BRF:2
BRH:0
end_of_record
